\BOOKMARK [1][-]{section.1}{\376\377\000A\000b\000s\000t\000r\000a\000c\000t}{}% 1
\BOOKMARK [1][-]{section.2}{\376\377\000I\000n\000t\000r\000o\000d\000u\000c\000t\000i\000o\000n}{}% 2
\BOOKMARK [2][-]{subsection.2.1}{\376\377\000P\000r\000e\000v\000i\000o\000u\000s\000\040\000w\000o\000r\000k}{section.2}% 3
\BOOKMARK [2][-]{subsection.2.2}{\376\377\000P\000r\000o\000b\000l\000e\000m\000\040\000s\000t\000a\000t\000e\000m\000e\000n\000t}{section.2}% 4
\BOOKMARK [1][-]{section.3}{\376\377\000T\000h\000e\000o\000r\000y}{}% 5
\BOOKMARK [2][-]{subsection.3.1}{\376\377\000S\000o\000u\000n\000d\000\040\000\046\000\040\000S\000i\000g\000n\000a\000l\000s}{section.3}% 6
\BOOKMARK [3][-]{subsubsection.3.1.1}{\376\377\000T\000h\000e\000\040\000S\000h\000o\000r\000t\000-\000t\000i\000m\000e\000\040\000F\000o\000u\000r\000i\000e\000r\000\040\000T\000r\000a\000n\000s\000f\000o\000r\000m}{subsection.3.1}% 7
\BOOKMARK [3][-]{subsubsection.3.1.2}{\376\377\000T\000h\000e\000\040\000M\000e\000l\000\040\000S\000p\000e\000c\000t\000r\000o\000g\000r\000a\000m}{subsection.3.1}% 8
\BOOKMARK [3][-]{subsubsection.3.1.3}{\376\377\000P\000h\000a\000s\000e\000\040\000R\000e\000c\000o\000n\000s\000t\000r\000u\000c\000t\000i\000o\000n\000\040\000P\000r\000o\000b\000l\000e\000m}{subsection.3.1}% 9
\BOOKMARK [3][-]{subsubsection.3.1.4}{\376\377\000G\000r\000i\000f\000f\000i\000n\000-\000L\000i\000m\000\040\000r\000e\000c\000o\000n\000s\000t\000r\000u\000c\000t\000i\000o\000n}{subsection.3.1}% 10
\BOOKMARK [2][-]{subsection.3.2}{\376\377\000L\000e\000a\000r\000n\000i\000n\000g\000\040\000P\000a\000r\000a\000d\000i\000g\000m\000s\000\040\000\046\000\040\000G\000e\000n\000e\000r\000a\000t\000i\000v\000e\000\040\000M\000o\000d\000e\000l\000s}{section.3}% 11
\BOOKMARK [3][-]{subsubsection.3.2.1}{\376\377\000N\000e\000u\000r\000a\000l\000\040\000N\000e\000t\000w\000o\000r\000k\000s}{subsection.3.2}% 12
\BOOKMARK [3][-]{subsubsection.3.2.2}{\376\377\000L\000e\000a\000r\000n\000i\000n\000g\000\040\000A\000l\000g\000o\000r\000i\000t\000h\000m}{subsection.3.2}% 13
\BOOKMARK [2][-]{subsection.3.3}{\376\377\000D\000i\000f\000f\000u\000s\000i\000o\000n\000\040\000m\000o\000d\000e\000l\000s}{section.3}% 14
\BOOKMARK [3][-]{subsubsection.3.3.1}{\376\377\000D\000i\000f\000f\000u\000s\000i\000o\000n\000-\000b\000a\000s\000e\000d\000\040\000v\000o\000c\000o\000d\000e\000r\000s}{subsection.3.3}% 15
\BOOKMARK [3][-]{subsubsection.3.3.2}{\376\377\000L\000i\000m\000i\000t\000a\000t\000i\000o\000n\000s}{subsection.3.3}% 16
\BOOKMARK [2][-]{subsection.3.4}{\376\377\000E\000v\000a\000l\000u\000a\000t\000i\000o\000n}{section.3}% 17
\BOOKMARK [3][-]{subsubsection.3.4.1}{\376\377\000L\000o\000g\000-\000m\000e\000l\000\040\000S\000p\000e\000c\000t\000r\000o\000g\000r\000a\000m\000\040\000M\000e\000a\000n\000\040\000A\000b\000s\000o\000l\000u\000t\000e\000\040\000E\000r\000r\000o\000r\000\040\000\050\000L\000S\000-\000M\000A\000E\000\051}{subsection.3.4}% 18
\BOOKMARK [3][-]{subsubsection.3.4.2}{\376\377\000F\000r\000\351\000c\000h\000e\000t\000\040\000A\000u\000d\000i\000o\000\040\000D\000i\000s\000t\000a\000n\000c\000e}{subsection.3.4}% 19
\BOOKMARK [3][-]{subsubsection.3.4.3}{\376\377\000P\000e\000a\000k\000\040\000S\000i\000g\000n\000a\000l\000-\000t\000o\000-\000N\000o\000i\000s\000e\000\040\000R\000a\000t\000i\000o\000\040\000\050\000P\000S\000N\000R\000\051}{subsection.3.4}% 20
\BOOKMARK [3][-]{subsubsection.3.4.4}{\376\377\000M\000u\000l\000t\000i\000-\000r\000e\000s\000o\000l\000u\000t\000i\000o\000n\000\040\000S\000T\000F\000T\000\040\000E\000r\000r\000o\000r\000\040\000\050\000M\000R\000S\000E\000\051}{subsection.3.4}% 21
\BOOKMARK [1][-]{section.4}{\376\377\000D\000a\000t\000a}{}% 22
\BOOKMARK [1][-]{section.5}{\376\377\000M\000e\000t\000h\000o\000d}{}% 23
\BOOKMARK [1][-]{section.6}{\376\377\000R\000e\000s\000u\000l\000t\000s}{}% 24
\BOOKMARK [1][-]{section.7}{\376\377\000D\000i\000s\000c\000u\000s\000s\000i\000o\000n}{}% 25
\BOOKMARK [2][-]{subsection.7.1}{\376\377\000F\000u\000t\000u\000r\000e\000\040\000w\000o\000r\000k}{section.7}% 26
\BOOKMARK [2][-]{subsection.7.2}{\376\377\000C\000o\000n\000c\000l\000u\000s\000i\000o\000n}{section.7}% 27
